Removed Pin From Net: NetName=5VA Pin=C40-2
Removed Pin From Net: NetName=5VA Pin=C41-2
Removed Pin From Net: NetName=24VA Pin=L4-1
Removed Pin From Net: NetName=AGND Pin=L4-2
Removed Pin From Net: NetName=24VA Pin=L5-1
Removed Pin From Net: NetName=AGND Pin=L5-2
Removed Pin From Net: NetName=24VA Pin=L8-1
Removed Pin From Net: NetName=AGND Pin=L8-2
Removed Pin From Net: NetName=5VA Pin=U6-9
Removed Pin From Net: NetName=5VA Pin=U6-30
Removed Member From Class: ClassName=U_ADC Member=L4
Removed Member From Class: ClassName=U_ADC Member=L5
Removed Member From Class: ClassName=U_DAC Member=L8
Added Component: Designator=C73(CAPC1608X90N)
Add component (AddParameter): Name = "LatestRevisionDate"; Value = "17-Jul-2002"; VariantName = "[No Variations]"
Add component (AddParameter): Name = "LatestRevisionNote"; Value = "Re-released for DXP Platform."; VariantName = "[No Variations]"
Add component (AddParameter): Name = "PackageDescription"; Value = "Radial Cap, Thru-Hole; 2 Leads; 0.3 in Pin Spacing"; VariantName = "[No Variations]"
Add component (AddParameter): Name = "PackageReference"; Value = "RAD-0.3"; VariantName = "[No Variations]"
Add component (AddParameter): Name = "Published"; Value = "8-Jun-2000"; VariantName = "[No Variations]"
Add component (AddParameter): Name = "Publisher"; Value = "Altium Limited"; VariantName = "[No Variations]"
Add component (AddParameter): Name = "Value"; Value = "4.7u"; VariantName = "[No Variations]"
Added Component: Designator=C74(CAPC1608X90N)
Add component (AddParameter): Name = "LatestRevisionDate"; Value = "17-Jul-2002"; VariantName = "[No Variations]"
Add component (AddParameter): Name = "LatestRevisionNote"; Value = "Re-released for DXP Platform."; VariantName = "[No Variations]"
Add component (AddParameter): Name = "PackageDescription"; Value = "Radial Cap, Thru-Hole; 2 Leads; 0.3 in Pin Spacing"; VariantName = "[No Variations]"
Add component (AddParameter): Name = "PackageReference"; Value = "RAD-0.3"; VariantName = "[No Variations]"
Add component (AddParameter): Name = "Published"; Value = "8-Jun-2000"; VariantName = "[No Variations]"
Add component (AddParameter): Name = "Publisher"; Value = "Altium Limited"; VariantName = "[No Variations]"
Add component (AddParameter): Name = "Value"; Value = "1u"; VariantName = "[No Variations]"
Added Component: Designator=L9(INDC1608N)
Added Component: Designator=L10(INDC1608N)
Added Pin To Net: NetName=AGND Pin=ADC1-4
Added Pin To Net: NetName=AGND Pin=ADC2-4
Added Pin To Net: NetName=AGND Pin=ADC3-4
Added Pin To Net: NetName=AGND Pin=ADC4-4
Added Pin To Net: NetName=AGND Pin=ADC5-4
Added Pin To Net: NetName=AGND Pin=ADC6-4
Added Pin To Net: NetName=AGND Pin=ADC7-4
Added Pin To Net: NetName=AGND Pin=ADC8-4
Added Pin To Net: NetName=AGND Pin=C18-1
Added Pin To Net: NetName=AGND Pin=C19-1
Added Pin To Net: NetName=AGND Pin=C20-1
Added Pin To Net: NetName=AGND Pin=C21-1
Added Pin To Net: NetName=AGND Pin=C26-1
Added Pin To Net: NetName=AGND Pin=C27-1
Added Pin To Net: NetName=AGND Pin=C28-1
Added Pin To Net: NetName=AGND Pin=C29-1
Added Pin To Net: NetName=AGND Pin=C53-1
Added Pin To Net: NetName=24VA Pin=C53-2
Added Pin To Net: NetName=AGND Pin=C54-1
Added Pin To Net: NetName=24VA Pin=C54-2
Added Pin To Net: NetName=AGND Pin=C55-1
Added Pin To Net: NetName=AGND Pin=C56-1
Added Pin To Net: NetName=AGND Pin=C57-1
Added Pin To Net: NetName=AGND Pin=C58-1
Added Pin To Net: NetName=AGND Pin=C59-1
Added Pin To Net: NetName=24VA Pin=C59-2
Added Pin To Net: NetName=AGND Pin=C73-1
Added Pin To Net: NetName=10VA Pin=C73-2
Added Pin To Net: NetName=AGND Pin=C74-1
Added Pin To Net: NetName=10VA Pin=C74-2
Added Pin To Net: NetName=AGND Pin=DAC1-4
Added Pin To Net: NetName=AGND Pin=DAC2-4
Added Pin To Net: NetName=AGND Pin=DAC3-4
Added Pin To Net: NetName=AGND Pin=DAC4-4
Added Pin To Net: NetName=24VA Pin=F1-1
Added Pin To Net: NetName=24VA Pin=F2-1
Added Pin To Net: NetName=24VA Pin=F3-1
Added Pin To Net: NetName=5VA Pin=L9-1
Added Pin To Net: NetName=5VA Pin=L10-2
Added Pin To Net: NetName=NetC40_2 Pin=C40-2
Added Pin To Net: NetName=NetC40_2 Pin=L9-2
Added Pin To Net: NetName=NetC40_2 Pin=U6-9
Added Net: Name=NetC40_2
Added Pin To Net: NetName=NetC41_2 Pin=C41-2
Added Pin To Net: NetName=NetC41_2 Pin=L10-1
Added Pin To Net: NetName=NetC41_2 Pin=U6-30
Added Net: Name=NetC41_2
Added Member To Class: ClassName=U_Power Member=Component C73 Cap
Added Member To Class: ClassName=U_Power Member=Component C74 Cap
Added Member To Class: ClassName=U_ADC Member=Component L9 BLM18SP601SN1D
Added Member To Class: ClassName=U_ADC Member=Component L10 BLM18SP601SN1D
