Removed Pin From Net: NetName=NetR11_2 Pin=U2-2
Removed Pin From Net: NetName=10VA Pin=U2-4
Removed Pin From Net: NetName=ADC1 Pin=U2-5
Removed Pin From Net: NetName=NetR14_2 Pin=U2-6
Removed Pin From Net: NetName=NetR14_2 Pin=U2-7
Removed Pin From Net: NetName=NetR16_2 Pin=U2-8
Removed Pin From Net: NetName=NetR16_2 Pin=U2-9
Removed Pin From Net: NetName=ADC2 Pin=U2-10
Removed Pin From Net: NetName=AGND Pin=U2-11
Removed Pin From Net: NetName=ADC3 Pin=U2-12
Removed Pin From Net: NetName=NetR18_2 Pin=U2-13
Removed Pin From Net: NetName=NetR18_2 Pin=U2-14
Removed Pin From Net: NetName=NetR13_2 Pin=U5-2
Removed Pin From Net: NetName=10VA Pin=U5-4
Removed Pin From Net: NetName=ADC5 Pin=U5-5
Removed Pin From Net: NetName=NetR15_2 Pin=U5-6
Removed Pin From Net: NetName=NetR15_2 Pin=U5-7
Removed Pin From Net: NetName=NetR17_2 Pin=U5-8
Removed Pin From Net: NetName=NetR17_2 Pin=U5-9
Removed Pin From Net: NetName=ADC6 Pin=U5-10
Removed Pin From Net: NetName=AGND Pin=U5-11
Removed Pin From Net: NetName=ADC7 Pin=U5-12
Removed Pin From Net: NetName=NetR19_2 Pin=U5-13
Removed Pin From Net: NetName=NetR19_2 Pin=U5-14
Change Component Footprint: Designator=U2 Old Footprint=SOIC127P600X175-14AN New Footprint=SOT23-5
Change Component Footprint: Designator=U5 Old Footprint=SOIC127P600X175-14AN New Footprint=SOT23-5
Change Component Comment : Designator=U2 Old Comment=OPA4196 New Comment=OPA196
Change Component Comment : Designator=U5 Old Comment=OPA4196 New Comment=OPA196
Change Component Designator: OldDesignator=C? NewDesignator=C68
Change component parameters: Designator = "U2" ("U2"); Footprint = "SOIC127P600X175-14AN"; UniqueID = "\PETFPAER\GCSQLOOL" ("\PETFPAER\GCSQLOOL")
Change component parameters (AddParameter): Name = "ComponentLink1Description"; Value = "datasheet"; VariantName = "[No Variations]"
Change component parameters (AddParameter): Name = "ComponentLink1URL"; Value = "https://www.ti.com/lit/ds/symlink/opa196.pdf?HQS=TI-null-null-mousermode-df-pf-null-wwe&DCM=yes&ref_url=https%3A%2F%2Fwww.mouser.hk%2F&distId=26"; VariantName = "[No Variations]"
Change component parameters (AddParameter): Name = "Iout"; Value = "-65 to 65mA"; VariantName = "[No Variations]"
Change component parameters (AddParameter): Name = "Offset voltage"; Value = "100uV"; VariantName = "[No Variations]"
Change component parameters (AddParameter): Name = "Vs"; Value = "-16 to +16 / 0 to 36V"; VariantName = "[No Variations]"
Change component parameters: Designator = "U5" ("U5"); Footprint = "SOIC127P600X175-14AN"; UniqueID = "\PETFPAER\QQZJNQRQ" ("\PETFPAER\QQZJNQRQ")
Change component parameters (AddParameter): Name = "ComponentLink1Description"; Value = "datasheet"; VariantName = "[No Variations]"
Change component parameters (AddParameter): Name = "ComponentLink1URL"; Value = "https://www.ti.com/lit/ds/symlink/opa196.pdf?HQS=TI-null-null-mousermode-df-pf-null-wwe&DCM=yes&ref_url=https%3A%2F%2Fwww.mouser.hk%2F&distId=26"; VariantName = "[No Variations]"
Change component parameters (AddParameter): Name = "Iout"; Value = "-65 to 65mA"; VariantName = "[No Variations]"
Change component parameters (AddParameter): Name = "Offset voltage"; Value = "100uV"; VariantName = "[No Variations]"
Change component parameters (AddParameter): Name = "Vs"; Value = "-16 to +16 / 0 to 36V"; VariantName = "[No Variations]"
Added Component: Designator=C60(CAPC1608X90N)
Add component (AddParameter): Name = "LatestRevisionDate"; Value = "17-Jul-2002"; VariantName = "[No Variations]"
Add component (AddParameter): Name = "LatestRevisionNote"; Value = "Re-released for DXP Platform."; VariantName = "[No Variations]"
Add component (AddParameter): Name = "PackageDescription"; Value = "Radial Cap, Thru-Hole; 2 Leads; 0.3 in Pin Spacing"; VariantName = "[No Variations]"
Add component (AddParameter): Name = "PackageReference"; Value = "RAD-0.3"; VariantName = "[No Variations]"
Add component (AddParameter): Name = "Published"; Value = "8-Jun-2000"; VariantName = "[No Variations]"
Add component (AddParameter): Name = "Publisher"; Value = "Altium Limited"; VariantName = "[No Variations]"
Add component (AddParameter): Name = "Value"; Value = "0.1u"; VariantName = "[No Variations]"
Added Component: Designator=C61(CAPC1608X90N)
Add component (AddParameter): Name = "LatestRevisionDate"; Value = "17-Jul-2002"; VariantName = "[No Variations]"
Add component (AddParameter): Name = "LatestRevisionNote"; Value = "Re-released for DXP Platform."; VariantName = "[No Variations]"
Add component (AddParameter): Name = "PackageDescription"; Value = "Radial Cap, Thru-Hole; 2 Leads; 0.3 in Pin Spacing"; VariantName = "[No Variations]"
Add component (AddParameter): Name = "PackageReference"; Value = "RAD-0.3"; VariantName = "[No Variations]"
Add component (AddParameter): Name = "Published"; Value = "8-Jun-2000"; VariantName = "[No Variations]"
Add component (AddParameter): Name = "Publisher"; Value = "Altium Limited"; VariantName = "[No Variations]"
Add component (AddParameter): Name = "Value"; Value = "0.1u"; VariantName = "[No Variations]"
Added Component: Designator=C62(CAPC1608X90N)
Add component (AddParameter): Name = "LatestRevisionDate"; Value = "17-Jul-2002"; VariantName = "[No Variations]"
Add component (AddParameter): Name = "LatestRevisionNote"; Value = "Re-released for DXP Platform."; VariantName = "[No Variations]"
Add component (AddParameter): Name = "PackageDescription"; Value = "Radial Cap, Thru-Hole; 2 Leads; 0.3 in Pin Spacing"; VariantName = "[No Variations]"
Add component (AddParameter): Name = "PackageReference"; Value = "RAD-0.3"; VariantName = "[No Variations]"
Add component (AddParameter): Name = "Published"; Value = "8-Jun-2000"; VariantName = "[No Variations]"
Add component (AddParameter): Name = "Publisher"; Value = "Altium Limited"; VariantName = "[No Variations]"
Add component (AddParameter): Name = "Value"; Value = "0.1u"; VariantName = "[No Variations]"
Added Component: Designator=C63(CAPC1608X90N)
Add component (AddParameter): Name = "LatestRevisionDate"; Value = "17-Jul-2002"; VariantName = "[No Variations]"
Add component (AddParameter): Name = "LatestRevisionNote"; Value = "Re-released for DXP Platform."; VariantName = "[No Variations]"
Add component (AddParameter): Name = "PackageDescription"; Value = "Radial Cap, Thru-Hole; 2 Leads; 0.3 in Pin Spacing"; VariantName = "[No Variations]"
Add component (AddParameter): Name = "PackageReference"; Value = "RAD-0.3"; VariantName = "[No Variations]"
Add component (AddParameter): Name = "Published"; Value = "8-Jun-2000"; VariantName = "[No Variations]"
Add component (AddParameter): Name = "Publisher"; Value = "Altium Limited"; VariantName = "[No Variations]"
Add component (AddParameter): Name = "Value"; Value = "0.1u"; VariantName = "[No Variations]"
Added Component: Designator=C64(CAPC1608X90N)
Add component (AddParameter): Name = "LatestRevisionDate"; Value = "17-Jul-2002"; VariantName = "[No Variations]"
Add component (AddParameter): Name = "LatestRevisionNote"; Value = "Re-released for DXP Platform."; VariantName = "[No Variations]"
Add component (AddParameter): Name = "PackageDescription"; Value = "Radial Cap, Thru-Hole; 2 Leads; 0.3 in Pin Spacing"; VariantName = "[No Variations]"
Add component (AddParameter): Name = "PackageReference"; Value = "RAD-0.3"; VariantName = "[No Variations]"
Add component (AddParameter): Name = "Published"; Value = "8-Jun-2000"; VariantName = "[No Variations]"
Add component (AddParameter): Name = "Publisher"; Value = "Altium Limited"; VariantName = "[No Variations]"
Add component (AddParameter): Name = "Value"; Value = "0.1u"; VariantName = "[No Variations]"
Added Component: Designator=C65(CAPC1608X90N)
Add component (AddParameter): Name = "LatestRevisionDate"; Value = "17-Jul-2002"; VariantName = "[No Variations]"
Add component (AddParameter): Name = "LatestRevisionNote"; Value = "Re-released for DXP Platform."; VariantName = "[No Variations]"
Add component (AddParameter): Name = "PackageDescription"; Value = "Radial Cap, Thru-Hole; 2 Leads; 0.3 in Pin Spacing"; VariantName = "[No Variations]"
Add component (AddParameter): Name = "PackageReference"; Value = "RAD-0.3"; VariantName = "[No Variations]"
Add component (AddParameter): Name = "Published"; Value = "8-Jun-2000"; VariantName = "[No Variations]"
Add component (AddParameter): Name = "Publisher"; Value = "Altium Limited"; VariantName = "[No Variations]"
Add component (AddParameter): Name = "Value"; Value = "0.1u"; VariantName = "[No Variations]"
Added Component: Designator=C66(CAPC1608X90N)
Add component (AddParameter): Name = "LatestRevisionDate"; Value = "17-Jul-2002"; VariantName = "[No Variations]"
Add component (AddParameter): Name = "LatestRevisionNote"; Value = "Re-released for DXP Platform."; VariantName = "[No Variations]"
Add component (AddParameter): Name = "PackageDescription"; Value = "Radial Cap, Thru-Hole; 2 Leads; 0.3 in Pin Spacing"; VariantName = "[No Variations]"
Add component (AddParameter): Name = "PackageReference"; Value = "RAD-0.3"; VariantName = "[No Variations]"
Add component (AddParameter): Name = "Published"; Value = "8-Jun-2000"; VariantName = "[No Variations]"
Add component (AddParameter): Name = "Publisher"; Value = "Altium Limited"; VariantName = "[No Variations]"
Add component (AddParameter): Name = "Value"; Value = "0.1u"; VariantName = "[No Variations]"
Added Component: Designator=C67(CAPC1608X90N)
Add component (AddParameter): Name = "LatestRevisionDate"; Value = "17-Jul-2002"; VariantName = "[No Variations]"
Add component (AddParameter): Name = "LatestRevisionNote"; Value = "Re-released for DXP Platform."; VariantName = "[No Variations]"
Add component (AddParameter): Name = "PackageDescription"; Value = "Radial Cap, Thru-Hole; 2 Leads; 0.3 in Pin Spacing"; VariantName = "[No Variations]"
Add component (AddParameter): Name = "PackageReference"; Value = "RAD-0.3"; VariantName = "[No Variations]"
Add component (AddParameter): Name = "Published"; Value = "8-Jun-2000"; VariantName = "[No Variations]"
Add component (AddParameter): Name = "Publisher"; Value = "Altium Limited"; VariantName = "[No Variations]"
Add component (AddParameter): Name = "Value"; Value = "0.1u"; VariantName = "[No Variations]"
Added Component: Designator=U14(SOT23-5)
Add component (AddParameter): Name = "ComponentLink1Description"; Value = "datasheet"; VariantName = "[No Variations]"
Add component (AddParameter): Name = "ComponentLink1URL"; Value = "https://www.ti.com/lit/ds/symlink/opa196.pdf?HQS=TI-null-null-mousermode-df-pf-null-wwe&DCM=yes&ref_url=https%3A%2F%2Fwww.mouser.hk%2F&distId=26"; VariantName = "[No Variations]"
Add component (AddParameter): Name = "Iout"; Value = "-65 to 65mA"; VariantName = "[No Variations]"
Add component (AddParameter): Name = "Offset voltage"; Value = "100uV"; VariantName = "[No Variations]"
Add component (AddParameter): Name = "Vs"; Value = "-16 to +16 / 0 to 36V"; VariantName = "[No Variations]"
Added Component: Designator=U15(SOT23-5)
Add component (AddParameter): Name = "ComponentLink1Description"; Value = "datasheet"; VariantName = "[No Variations]"
Add component (AddParameter): Name = "ComponentLink1URL"; Value = "https://www.ti.com/lit/ds/symlink/opa196.pdf?HQS=TI-null-null-mousermode-df-pf-null-wwe&DCM=yes&ref_url=https%3A%2F%2Fwww.mouser.hk%2F&distId=26"; VariantName = "[No Variations]"
Add component (AddParameter): Name = "Iout"; Value = "-65 to 65mA"; VariantName = "[No Variations]"
Add component (AddParameter): Name = "Offset voltage"; Value = "100uV"; VariantName = "[No Variations]"
Add component (AddParameter): Name = "Vs"; Value = "-16 to +16 / 0 to 36V"; VariantName = "[No Variations]"
Added Component: Designator=U16(SOT23-5)
Add component (AddParameter): Name = "ComponentLink1Description"; Value = "datasheet"; VariantName = "[No Variations]"
Add component (AddParameter): Name = "ComponentLink1URL"; Value = "https://www.ti.com/lit/ds/symlink/opa196.pdf?HQS=TI-null-null-mousermode-df-pf-null-wwe&DCM=yes&ref_url=https%3A%2F%2Fwww.mouser.hk%2F&distId=26"; VariantName = "[No Variations]"
Add component (AddParameter): Name = "Iout"; Value = "-65 to 65mA"; VariantName = "[No Variations]"
Add component (AddParameter): Name = "Offset voltage"; Value = "100uV"; VariantName = "[No Variations]"
Add component (AddParameter): Name = "Vs"; Value = "-16 to +16 / 0 to 36V"; VariantName = "[No Variations]"
Added Component: Designator=U17(SOT23-5)
Add component (AddParameter): Name = "ComponentLink1Description"; Value = "datasheet"; VariantName = "[No Variations]"
Add component (AddParameter): Name = "ComponentLink1URL"; Value = "https://www.ti.com/lit/ds/symlink/opa196.pdf?HQS=TI-null-null-mousermode-df-pf-null-wwe&DCM=yes&ref_url=https%3A%2F%2Fwww.mouser.hk%2F&distId=26"; VariantName = "[No Variations]"
Add component (AddParameter): Name = "Iout"; Value = "-65 to 65mA"; VariantName = "[No Variations]"
Add component (AddParameter): Name = "Offset voltage"; Value = "100uV"; VariantName = "[No Variations]"
Add component (AddParameter): Name = "Vs"; Value = "-16 to +16 / 0 to 36V"; VariantName = "[No Variations]"
Added Component: Designator=U18(SOT23-5)
Add component (AddParameter): Name = "ComponentLink1Description"; Value = "datasheet"; VariantName = "[No Variations]"
Add component (AddParameter): Name = "ComponentLink1URL"; Value = "https://www.ti.com/lit/ds/symlink/opa196.pdf?HQS=TI-null-null-mousermode-df-pf-null-wwe&DCM=yes&ref_url=https%3A%2F%2Fwww.mouser.hk%2F&distId=26"; VariantName = "[No Variations]"
Add component (AddParameter): Name = "Iout"; Value = "-65 to 65mA"; VariantName = "[No Variations]"
Add component (AddParameter): Name = "Offset voltage"; Value = "100uV"; VariantName = "[No Variations]"
Add component (AddParameter): Name = "Vs"; Value = "-16 to +16 / 0 to 36V"; VariantName = "[No Variations]"
Added Component: Designator=U19(SOT23-5)
Add component (AddParameter): Name = "ComponentLink1Description"; Value = "datasheet"; VariantName = "[No Variations]"
Add component (AddParameter): Name = "ComponentLink1URL"; Value = "https://www.ti.com/lit/ds/symlink/opa196.pdf?HQS=TI-null-null-mousermode-df-pf-null-wwe&DCM=yes&ref_url=https%3A%2F%2Fwww.mouser.hk%2F&distId=26"; VariantName = "[No Variations]"
Add component (AddParameter): Name = "Iout"; Value = "-65 to 65mA"; VariantName = "[No Variations]"
Add component (AddParameter): Name = "Offset voltage"; Value = "100uV"; VariantName = "[No Variations]"
Add component (AddParameter): Name = "Vs"; Value = "-16 to +16 / 0 to 36V"; VariantName = "[No Variations]"
Added Pin To Net: NetName=AGND Pin=C60-1
Added Pin To Net: NetName=10VA Pin=C60-2
Added Pin To Net: NetName=AGND Pin=C61-1
Added Pin To Net: NetName=10VA Pin=C61-2
Added Pin To Net: NetName=AGND Pin=C62-1
Added Pin To Net: NetName=10VA Pin=C62-2
Added Pin To Net: NetName=AGND Pin=C63-1
Added Pin To Net: NetName=10VA Pin=C63-2
Added Pin To Net: NetName=AGND Pin=C64-1
Added Pin To Net: NetName=10VA Pin=C64-2
Added Pin To Net: NetName=AGND Pin=C65-1
Added Pin To Net: NetName=10VA Pin=C65-2
Added Pin To Net: NetName=AGND Pin=C66-1
Added Pin To Net: NetName=10VA Pin=C66-2
Added Pin To Net: NetName=AGND Pin=C67-1
Added Pin To Net: NetName=10VA Pin=C67-2
Added Pin To Net: NetName=AGND Pin=U2-2
Added Pin To Net: NetName=NetR11_2 Pin=U2-4
Added Pin To Net: NetName=10VA Pin=U2-5
Added Pin To Net: NetName=AGND Pin=U5-2
Added Pin To Net: NetName=NetR13_2 Pin=U5-4
Added Pin To Net: NetName=10VA Pin=U5-5
Added Pin To Net: NetName=NetR14_2 Pin=U14-1
Added Pin To Net: NetName=AGND Pin=U14-2
Added Pin To Net: NetName=ADC1 Pin=U14-3
Added Pin To Net: NetName=NetR14_2 Pin=U14-4
Added Pin To Net: NetName=10VA Pin=U14-5
Added Pin To Net: NetName=NetR15_2 Pin=U15-1
Added Pin To Net: NetName=AGND Pin=U15-2
Added Pin To Net: NetName=ADC5 Pin=U15-3
Added Pin To Net: NetName=NetR15_2 Pin=U15-4
Added Pin To Net: NetName=10VA Pin=U15-5
Added Pin To Net: NetName=NetR16_2 Pin=U16-1
Added Pin To Net: NetName=AGND Pin=U16-2
Added Pin To Net: NetName=ADC2 Pin=U16-3
Added Pin To Net: NetName=NetR16_2 Pin=U16-4
Added Pin To Net: NetName=10VA Pin=U16-5
Added Pin To Net: NetName=NetR17_2 Pin=U17-1
Added Pin To Net: NetName=AGND Pin=U17-2
Added Pin To Net: NetName=ADC6 Pin=U17-3
Added Pin To Net: NetName=NetR17_2 Pin=U17-4
Added Pin To Net: NetName=10VA Pin=U17-5
Added Pin To Net: NetName=NetR18_2 Pin=U18-1
Added Pin To Net: NetName=AGND Pin=U18-2
Added Pin To Net: NetName=ADC3 Pin=U18-3
Added Pin To Net: NetName=NetR18_2 Pin=U18-4
Added Pin To Net: NetName=10VA Pin=U18-5
Added Pin To Net: NetName=NetR19_2 Pin=U19-1
Added Pin To Net: NetName=AGND Pin=U19-2
Added Pin To Net: NetName=ADC7 Pin=U19-3
Added Pin To Net: NetName=NetR19_2 Pin=U19-4
Added Pin To Net: NetName=10VA Pin=U19-5
Added Member To Class: ClassName=U_ADC Member=Component C60 Cap
Added Member To Class: ClassName=U_ADC Member=Component C61 Cap
Added Member To Class: ClassName=U_ADC Member=Component C62 Cap
Added Member To Class: ClassName=U_ADC Member=Component C63 Cap
Added Member To Class: ClassName=U_ADC Member=Component C64 Cap
Added Member To Class: ClassName=U_ADC Member=Component C65 Cap
Added Member To Class: ClassName=U_ADC Member=Component C66 Cap
Added Member To Class: ClassName=U_ADC Member=Component C67 Cap
Added Member To Class: ClassName=U_ADC Member=Component U14 OPA196
Added Member To Class: ClassName=U_ADC Member=Component U15 OPA196
Added Member To Class: ClassName=U_ADC Member=Component U16 OPA196
Added Member To Class: ClassName=U_ADC Member=Component U17 OPA196
Added Member To Class: ClassName=U_ADC Member=Component U18 OPA196
Added Member To Class: ClassName=U_ADC Member=Component U19 OPA196
