Removed Pin From Net: NetName=5VA Pin=L2-2
Removed Pin From Net: NetName=NetC38_1 Pin=L3-1
Removed Pin From Net: NetName=AGND Pin=L3-2
Removed Member From Class: ClassName=U_ADC Member=L3
Change Component Footprint: Designator=L2 Old Footprint=INDC1608N New Footprint=DR331-105BE
Change Component Comment : Designator=L2 Old Comment=BLM18SP601SN1D New Comment=DR331-105BE
Added Component: Designator=C75(CAPC1608X90N)
Add component (AddParameter): Name = "LatestRevisionDate"; Value = "17-Jul-2002"; VariantName = "[No Variations]"
Add component (AddParameter): Name = "LatestRevisionNote"; Value = "Re-released for DXP Platform."; VariantName = "[No Variations]"
Add component (AddParameter): Name = "PackageDescription"; Value = "Radial Cap, Thru-Hole; 2 Leads; 0.3 in Pin Spacing"; VariantName = "[No Variations]"
Add component (AddParameter): Name = "PackageReference"; Value = "RAD-0.3"; VariantName = "[No Variations]"
Add component (AddParameter): Name = "Published"; Value = "8-Jun-2000"; VariantName = "[No Variations]"
Add component (AddParameter): Name = "Publisher"; Value = "Altium Limited"; VariantName = "[No Variations]"
Add component (AddParameter): Name = "Value"; Value = "1u"; VariantName = "[No Variations]"
Added Pin To Net: NetName=NetC38_1 Pin=C75-1
Added Pin To Net: NetName=NetC38_2 Pin=C75-2
Added Pin To Net: NetName=NetC38_1 Pin=L2-2
Added Pin To Net: NetName=AGND Pin=L2-3
Added Pin To Net: NetName=5VA Pin=L2-4
Added Member To Class: ClassName=U_ADC Member=Component C75 Cap
